TN:
SF:app.js
FN:1,add
FN:6,sub
FNF:2
FNH:2
FNDA:1,add
FNDA:1,sub
DA:1,1
DA:2,1
DA:3,1
DA:4,1
DA:5,2
DA:6,1
DA:7,1
DA:8,1
DA:9,1
DA:10,2
DA:11,2
DA:12,2
DA:13,2
DA:14,2
DA:15,2
DA:16,2
DA:17,2
DA:18,2
LF:18
LH:18
BRF:0
BRH:0
end_of_record
TN:
SF:fly.js
FN:1,fly
FNF:1
FNH:0
FNDA:0,fly
DA:1,0
DA:2,0
DA:3,0
DA:4,0
DA:5,0
DA:6,0
DA:7,0
DA:8,0
DA:9,0
DA:10,2
DA:11,2
DA:12,2
DA:13,2
DA:14,2
LF:14
LH:5
BRF:0
BRH:0
end_of_record
TN:
SF:happy_number.js
FN:1,isHappy
FNF:1
FNH:1
FNDA:2,isHappy
DA:1,2
DA:2,2
DA:3,2
DA:4,2
DA:5,2
DA:6,2
DA:7,2
LF:7
LH:7
BRF:0
BRH:0
end_of_record
